<?xml version="1.0" encoding="UTF-8"?>
<coverage generated="1576325113774" clover="3.2.0">
  <project timestamp="1576325113774" name="All files">
    <metrics statements="39" coveredstatements="32" conditionals="9" coveredconditionals="4" methods="14" coveredmethods="10" elements="62" coveredelements="46" complexity="0" loc="39" ncloc="39" packages="2" files="4" classes="4"/>
    <package name="introduction-to-testing">
      <metrics statements="38" coveredstatements="31" conditionals="9" coveredconditionals="4" methods="14" coveredmethods="10"/>
      <file name="add.js" path="D:\github\testing-javascript\introduction-to-testing\add.js">
        <metrics statements="2" coveredstatements="2" conditionals="0" coveredconditionals="0" methods="1" coveredmethods="1"/>
        <line num="2" count="1" type="stmt"/>
        <line num="5" count="1" type="stmt"/>
      </file>
      <file name="parse-stringify.js" path="D:\github\testing-javascript\introduction-to-testing\parse-stringify.js">
        <metrics statements="20" coveredstatements="20" conditionals="5" coveredconditionals="3" methods="5" coveredmethods="5"/>
        <line num="2" count="1" type="stmt"/>
        <line num="3" count="1" type="cond" truecount="1" falsecount="1"/>
        <line num="4" count="1" type="stmt"/>
        <line num="7" count="1" type="stmt"/>
        <line num="9" count="1" type="stmt"/>
        <line num="11" count="1" type="stmt"/>
        <line num="12" count="1" type="stmt"/>
        <line num="13" count="1" type="stmt"/>
        <line num="16" count="1" type="stmt"/>
        <line num="19" count="1" type="stmt"/>
        <line num="20" count="1" type="stmt"/>
        <line num="21" count="1" type="cond" truecount="2" falsecount="1"/>
        <line num="23" count="1" type="stmt"/>
        <line num="27" count="1" type="stmt"/>
        <line num="28" count="1" type="stmt"/>
        <line num="29" count="1" type="stmt"/>
        <line num="30" count="1" type="stmt"/>
        <line num="31" count="1" type="stmt"/>
        <line num="34" count="1" type="stmt"/>
        <line num="37" count="1" type="stmt"/>
      </file>
      <file name="users.js" path="D:\github\testing-javascript\introduction-to-testing\users.js">
        <metrics statements="16" coveredstatements="9" conditionals="4" coveredconditionals="1" methods="8" coveredmethods="4"/>
        <line num="1" count="1" type="stmt"/>
        <line num="3" count="1" type="stmt"/>
        <line num="4" count="0" type="stmt"/>
        <line num="5" count="0" type="stmt"/>
        <line num="6" count="0" type="stmt"/>
        <line num="8" count="0" type="cond" truecount="0" falsecount="2"/>
        <line num="9" count="0" type="stmt"/>
        <line num="12" count="0" type="stmt"/>
        <line num="20" count="1" type="stmt"/>
        <line num="21" count="4" type="stmt"/>
        <line num="22" count="4" type="stmt"/>
        <line num="23" count="6" type="stmt"/>
        <line num="25" count="3" type="cond" truecount="1" falsecount="1"/>
        <line num="26" count="0" type="stmt"/>
        <line num="29" count="3" type="stmt"/>
        <line num="37" count="1" type="stmt"/>
      </file>
    </package>
    <package name="introduction-to-testing.db">
      <metrics statements="1" coveredstatements="1" conditionals="0" coveredconditionals="0" methods="0" coveredmethods="0"/>
      <file name="users.js" path="D:\github\testing-javascript\introduction-to-testing\db\users.js">
        <metrics statements="1" coveredstatements="1" conditionals="0" coveredconditionals="0" methods="0" coveredmethods="0"/>
        <line num="1" count="1" type="stmt"/>
      </file>
    </package>
  </project>
</coverage>
